<?xml version="1.0" encoding="UTF-8" ?>
<testsuite failures="0" time="0.278" errors="1" skipped="0" tests="1" name="com.mycompany.athome.client.ResponseTests">
  <properties>
[...]
</properties>
  <testcase time="0.248" classname="com.mycompany.athome.client.ResponseTests" name="t1">
    <error message="A message body reader for Java class com.mycompany.athome.client.AthomeResponseEntity, and Java type class com.mycompany.athome.client.AthomeResponseEntity, and MIME media type application/json was not found" type="com.sun.jersey.api.client.ClientHandlerException">com.sun.jersey.api.client.ClientHandlerException: A message body reader for Java class com.mycompany.athome.client.AthomeResponseEntity, and Java type class com.mycompany.athome.client.AthomeResponseEntity, and MIME media type application/json was not found
	at com.sun.jersey.api.client.ClientResponse.getEntity(ClientResponse.java:549)
	at com.sun.jersey.api.client.ClientResponse.getEntity(ClientResponse.java:506)
	at com.mycompany.athome.client.ResponseTests.t1(ResponseTests.java:68)
	at sun.reflect.NativeMethodAccessorImpl.invoke0(Native Method)
	at sun.reflect.NativeMethodAccessorImpl.invoke(NativeMethodAccessorImpl.java:57)
	at sun.reflect.DelegatingMethodAccessorImpl.invoke(DelegatingMethodAccessorImpl.java:43)
	at java.lang.reflect.Method.invoke(Method.java:606)
	at org.junit.runners.model.FrameworkMethod$1.runReflectiveCall(FrameworkMethod.java:45)
	at org.junit.internal.runners.model.ReflectiveCallable.run(ReflectiveCallable.java:15)
	at org.junit.runners.model.FrameworkMethod.invokeExplosively(FrameworkMethod.java:42)
	at org.junit.internal.runners.statements.InvokeMethod.evaluate(InvokeMethod.java:20)
	at org.junit.internal.runners.statements.RunBefores.evaluate(RunBefores.java:28)
	at org.junit.internal.runners.statements.RunAfters.evaluate(RunAfters.java:30)
	at org.junit.runners.ParentRunner.runLeaf(ParentRunner.java:263)
	at org.junit.runners.BlockJUnit4ClassRunner.runChild(BlockJUnit4ClassRunner.java:68)
	at org.junit.runners.BlockJUnit4ClassRunner.runChild(BlockJUnit4ClassRunner.java:47)
	at org.junit.runners.ParentRunner$3.run(ParentRunner.java:231)
	at org.junit.runners.ParentRunner$1.schedule(ParentRunner.java:60)
	at org.junit.runners.ParentRunner.runChildren(ParentRunner.java:229)
	at org.junit.runners.ParentRunner.access$000(ParentRunner.java:50)
	at org.junit.runners.ParentRunner$2.evaluate(ParentRunner.java:222)
	at org.junit.internal.runners.statements.RunBefores.evaluate(RunBefores.java:28)
	at org.junit.internal.runners.statements.RunAfters.evaluate(RunAfters.java:30)
	at org.junit.runners.ParentRunner.run(ParentRunner.java:300)
	at org.apache.maven.surefire.junit4.JUnit4TestSet.execute(JUnit4TestSet.java:53)
	at org.apache.maven.surefire.junit4.JUnit4Provider.executeTestSet(JUnit4Provider.java:123)
	at org.apache.maven.surefire.junit4.JUnit4Provider.invoke(JUnit4Provider.java:104)
	at sun.reflect.NativeMethodAccessorImpl.invoke0(Native Method)
	at sun.reflect.NativeMethodAccessorImpl.invoke(NativeMethodAccessorImpl.java:57)
	at sun.reflect.DelegatingMethodAccessorImpl.invoke(DelegatingMethodAccessorImpl.java:43)
	at java.lang.reflect.Method.invoke(Method.java:606)
	at org.apache.maven.surefire.util.ReflectionUtils.invokeMethodWithArray(ReflectionUtils.java:164)
	at org.apache.maven.surefire.booter.ProviderFactory$ProviderProxy.invoke(ProviderFactory.java:110)
	at org.apache.maven.surefire.booter.SurefireStarter.invokeProvider(SurefireStarter.java:175)
	at org.apache.maven.surefire.booter.SurefireStarter.runSuitesInProcessWhenForked(SurefireStarter.java:107)
	at org.apache.maven.surefire.booter.ForkedBooter.main(ForkedBooter.java:68)
</error>
    <system-out>response length: 70321
</system-out>
    <system-err>Mar 08, 2015 3:55:44 PM com.sun.jersey.api.client.ClientResponse getEntity
SEVERE: A message body reader for Java class com.mycompany.athome.client.AthomeResponseEntity, and Java type class com.mycompany.athome.client.AthomeResponseEntity, and MIME media type application/json was not found
Mar 08, 2015 3:55:44 PM com.sun.jersey.api.client.ClientResponse getEntity
SEVERE: The registered message body readers compatible with the MIME media type are:
*/* -&gt;
  com.sun.jersey.core.impl.provider.entity.FormProvider
  com.sun.jersey.core.impl.provider.entity.StringProvider
  com.sun.jersey.core.impl.provider.entity.ByteArrayProvider
  com.sun.jersey.core.impl.provider.entity.FileProvider
  com.sun.jersey.core.impl.provider.entity.InputStreamProvider
  com.sun.jersey.core.impl.provider.entity.DataSourceProvider
  com.sun.jersey.core.impl.provider.entity.XMLJAXBElementProvider$General
  com.sun.jersey.core.impl.provider.entity.ReaderProvider
  com.sun.jersey.core.impl.provider.entity.DocumentProvider
  com.sun.jersey.core.impl.provider.entity.SourceProvider$StreamSourceReader
  com.sun.jersey.core.impl.provider.entity.SourceProvider$SAXSourceReader
  com.sun.jersey.core.impl.provider.entity.SourceProvider$DOMSourceReader
  com.sun.jersey.core.impl.provider.entity.XMLRootElementProvider$General
  com.sun.jersey.core.impl.provider.entity.XMLListElementProvider$General
  com.sun.jersey.core.impl.provider.entity.XMLRootObjectProvider$General
  com.sun.jersey.core.impl.provider.entity.EntityHolderReader

</system-err>
  </testcase>
</testsuite>